<?xml version="1.0" encoding="UTF-8"?>
<!-- Generated by org.testng.reporters.JUnitReportReporter -->
<testsuite hostname="LIN59016411" failures="0" tests="7" name="test.day3" time="0.015" errors="0" timestamp="2023-06-30T13:35:05 IST" skipped="0">
  <testcase classname="test.day3" name="WebloginCarLoan" time="0.002"/>
  <system-out/>
  <testcase classname="test.day3" name="MobilesignoutCarLoan" time="0.002"/>
  <system-out/>
  <testcase classname="test.day3" name="APIcarLoan" time="0.003"/>
  <system-out/>
  <testcase classname="test.day3" name="MobileLoginCarLoan" time="0.003"/>
  <system-out/>
  <testcase classname="test.day3" name="MobilesignoutCarLoan" time="0.002"/>
  <system-out/>
  <testcase classname="test.day3" name="MobilesigninCarLoan" time="0.002"/>
  <system-out/>
  <testcase classname="test.day3" name="MobilesignoutCarLoan" time="0.001"/>
  <system-out/>
</testsuite> <!-- test.day3 -->
